<?xml version="1.0" encoding="UTF-8"?>
<!-- Generated by org.testng.reporters.JUnitReportReporter -->
<testsuite hostname="DESKTOP-865DTUM" failures="0" tests="1" name="com.Rena.TMS.BookingTest" time="46.254" errors="0" timestamp="2023-07-17T04:32:43 GMT-07:00" skipped="0">
  <testcase classname="com.Rena.TMS.BookingTest" name="bookingTest" time="46.254">
    <system-out>
      <![CDATA[AdminSUCCESS:Package Created Successfully
UserSUCCESS:Booked Successfully
Admin SUCCESS:Booking Confirm successfully
Users booking Confirmed]]>
    </system-out>
  </testcase> <!-- bookingTest -->
  <system-out>
    <![CDATA[AdminSUCCESS:Package Created Successfully
UserSUCCESS:Booked Successfully
Admin SUCCESS:Booking Confirm successfully
Users booking Confirmed]]>
  </system-out>
</testsuite> <!-- com.Rena.TMS.BookingTest -->
