<?xml version="1.0" encoding="UTF-8"?>
<!-- Generated by org.testng.reporters.JUnitReportReporter -->
<testsuite hostname="DESKTOP-865DTUM" failures="0" tests="1" name="newPractice.FacebookLogin" time="10.365" errors="0" timestamp="2023-08-03T16:11:16 IST" skipped="0">
  <testcase classname="newPractice.FacebookLogin" name="login" time="10.365"/>
</testsuite> <!-- newPractice.FacebookLogin -->
