<?xml version="1.0" encoding="UTF-8"?>
<!-- Generated by org.testng.reporters.JUnitReportReporter -->
<testsuite hostname="DESKTOP-865DTUM" failures="0" tests="1" name="com.Rena.TMS.Driver" time="28.336" errors="0" timestamp="2023-07-17T04:28:54 GMT-07:00" skipped="0">
  <testcase classname="com.Rena.TMS.Driver" name="execute" time="28.336"/>
</testsuite> <!-- com.Rena.TMS.Driver -->
